Added Component: Designator=?(M3 125X200)
Add component. Clean all parameters for all variants
Add component (AddParameter): Name = "BOM名称"; Value = "铜柱孔"; VariantName = "[No Variations]"
Add component (AddParameter): Name = "学习资源"; Value = "www.ooocke.com"; VariantName = "[No Variations]"
Add component (AddParameter): Name = "版权归属"; Value = "源创客"; VariantName = "[No Variations]"
Added Component: Designator=?(M3 125X200)
Add component. Clean all parameters for all variants
Add component (AddParameter): Name = "BOM名称"; Value = "铜柱孔"; VariantName = "[No Variations]"
Add component (AddParameter): Name = "学习资源"; Value = "www.ooocke.com"; VariantName = "[No Variations]"
Add component (AddParameter): Name = "版权归属"; Value = "源创客"; VariantName = "[No Variations]"
Added Component: Designator=?(M3 125X200)
Add component. Clean all parameters for all variants
Add component (AddParameter): Name = "BOM名称"; Value = "铜柱孔"; VariantName = "[No Variations]"
Add component (AddParameter): Name = "学习资源"; Value = "www.ooocke.com"; VariantName = "[No Variations]"
Add component (AddParameter): Name = "版权归属"; Value = "源创客"; VariantName = "[No Variations]"
Added Component: Designator=?(M3 125X200)
Add component. Clean all parameters for all variants
Add component (AddParameter): Name = "BOM名称"; Value = "铜柱孔"; VariantName = "[No Variations]"
Add component (AddParameter): Name = "学习资源"; Value = "www.ooocke.com"; VariantName = "[No Variations]"
Add component (AddParameter): Name = "版权归属"; Value = "源创客"; VariantName = "[No Variations]"
Added Component: Designator=AMASS?(XT30PW-M)
Add component. Clean all parameters for all variants
Added Component: Designator=C?(C 0603_L)
Add component. Clean all parameters for all variants
Add component (AddParameter): Name = "BOM名称"; Value = "无极性贴片电容"; VariantName = "[No Variations]"
Add component (AddParameter): Name = "学习资源"; Value = "www.ooocke.com"; VariantName = "[No Variations]"
Add component (AddParameter): Name = "版权归属"; Value = "源创客"; VariantName = "[No Variations]"
Added Component: Designator=C?(C 0603_L)
Add component. Clean all parameters for all variants
Add component (AddParameter): Name = "BOM名称"; Value = "无极性贴片电容"; VariantName = "[No Variations]"
Add component (AddParameter): Name = "学习资源"; Value = "www.ooocke.com"; VariantName = "[No Variations]"
Add component (AddParameter): Name = "版权归属"; Value = "源创客"; VariantName = "[No Variations]"
Added Component: Designator=C?(C 0603_L)
Add component. Clean all parameters for all variants
Add component (AddParameter): Name = "BOM名称"; Value = "无极性贴片电容"; VariantName = "[No Variations]"
Add component (AddParameter): Name = "学习资源"; Value = "www.ooocke.com"; VariantName = "[No Variations]"
Add component (AddParameter): Name = "版权归属"; Value = "源创客"; VariantName = "[No Variations]"
Added Component: Designator=C?(C 0603_L)
Add component. Clean all parameters for all variants
Add component (AddParameter): Name = "BOM名称"; Value = "无极性贴片电容"; VariantName = "[No Variations]"
Add component (AddParameter): Name = "学习资源"; Value = "www.ooocke.com"; VariantName = "[No Variations]"
Add component (AddParameter): Name = "版权归属"; Value = "源创客"; VariantName = "[No Variations]"
Added Component: Designator=C?(C 0603_L)
Add component. Clean all parameters for all variants
Add component (AddParameter): Name = "BOM名称"; Value = "无极性贴片电容"; VariantName = "[No Variations]"
Add component (AddParameter): Name = "学习资源"; Value = "www.ooocke.com"; VariantName = "[No Variations]"
Add component (AddParameter): Name = "版权归属"; Value = "源创客"; VariantName = "[No Variations]"
Added Component: Designator=C?(C 0603_L)
Add component. Clean all parameters for all variants
Add component (AddParameter): Name = "BOM名称"; Value = "无极性贴片电容"; VariantName = "[No Variations]"
Add component (AddParameter): Name = "学习资源"; Value = "www.ooocke.com"; VariantName = "[No Variations]"
Add component (AddParameter): Name = "版权归属"; Value = "源创客"; VariantName = "[No Variations]"
Added Component: Designator=C?(C 0603_L)
Add component. Clean all parameters for all variants
Add component (AddParameter): Name = "BOM名称"; Value = "无极性贴片电容"; VariantName = "[No Variations]"
Add component (AddParameter): Name = "学习资源"; Value = "www.ooocke.com"; VariantName = "[No Variations]"
Add component (AddParameter): Name = "版权归属"; Value = "源创客"; VariantName = "[No Variations]"
Added Component: Designator=D?(SOD-323)
Add component. Clean all parameters for all variants
Add component (AddParameter): Name = "BOM名称"; Value = "高速开关二极管"; VariantName = "[No Variations]"
Add component (AddParameter): Name = "学习资源"; Value = "www.ooocke.com"; VariantName = "[No Variations]"
Add component (AddParameter): Name = "版权归属"; Value = "源创客"; VariantName = "[No Variations]"
Added Component: Designator=JP?(XH2.54-WI-8P)
Add component. Clean all parameters for all variants
Add component (AddParameter): Name = "BOM名称"; Value = "8P接插件"; VariantName = "[No Variations]"
Add component (AddParameter): Name = "学习资源"; Value = "www.ooocke.com"; VariantName = "[No Variations]"
Add component (AddParameter): Name = "版权归属"; Value = "源创客"; VariantName = "[No Variations]"
Added Component: Designator=JP?(HDR2.54-M-LI-8P)
Add component. Clean all parameters for all variants
Add component (AddParameter): Name = "BOM名称"; Value = "8P接插件"; VariantName = "[No Variations]"
Add component (AddParameter): Name = "学习资源"; Value = "www.ooocke.com"; VariantName = "[No Variations]"
Add component (AddParameter): Name = "版权归属"; Value = "源创客"; VariantName = "[No Variations]"
Added Component: Designator=JP?(IDC2.54-LI-2x10P)
Add component. Clean all parameters for all variants
Add component (AddParameter): Name = "BOM名称"; Value = "10*2P接插件"; VariantName = "[No Variations]"
Add component (AddParameter): Name = "学习资源"; Value = "www.ooocke.com"; VariantName = "[No Variations]"
Add component (AddParameter): Name = "版权归属"; Value = "源创客"; VariantName = "[No Variations]"
Added Component: Designator=JP?(IDC2.54-LI-2x10P)
Add component. Clean all parameters for all variants
Add component (AddParameter): Name = "BOM名称"; Value = "10*2P接插件"; VariantName = "[No Variations]"
Add component (AddParameter): Name = "学习资源"; Value = "www.ooocke.com"; VariantName = "[No Variations]"
Add component (AddParameter): Name = "版权归属"; Value = "源创客"; VariantName = "[No Variations]"
Added Component: Designator=JP?(XH2.54-WI-6P)
Add component. Clean all parameters for all variants
Add component (AddParameter): Name = "BOM名称"; Value = "6P接插件"; VariantName = "[No Variations]"
Add component (AddParameter): Name = "学习资源"; Value = "www.ooocke.com"; VariantName = "[No Variations]"
Add component (AddParameter): Name = "版权归属"; Value = "源创客"; VariantName = "[No Variations]"
Added Component: Designator=JP?(XH2.54-WI-6P)
Add component. Clean all parameters for all variants
Add component (AddParameter): Name = "BOM名称"; Value = "6P接插件"; VariantName = "[No Variations]"
Add component (AddParameter): Name = "学习资源"; Value = "www.ooocke.com"; VariantName = "[No Variations]"
Add component (AddParameter): Name = "版权归属"; Value = "源创客"; VariantName = "[No Variations]"
Added Component: Designator=JP?(XH2.54-WI-2P)
Add component. Clean all parameters for all variants
Add component (AddParameter): Name = "BOM名称"; Value = "2P接插件"; VariantName = "[No Variations]"
Add component (AddParameter): Name = "学习资源"; Value = "www.ooocke.com"; VariantName = "[No Variations]"
Add component (AddParameter): Name = "版权归属"; Value = "源创客"; VariantName = "[No Variations]"
Added Component: Designator=JP?(XH2.54-WI-2P)
Add component. Clean all parameters for all variants
Add component (AddParameter): Name = "BOM名称"; Value = "2P接插件"; VariantName = "[No Variations]"
Add component (AddParameter): Name = "学习资源"; Value = "www.ooocke.com"; VariantName = "[No Variations]"
Add component (AddParameter): Name = "版权归属"; Value = "源创客"; VariantName = "[No Variations]"
Added Component: Designator=JP?(HDR2.54-LI-3P)
Add component. Clean all parameters for all variants
Add component (AddParameter): Name = "BOM名称"; Value = "3P接插件"; VariantName = "[No Variations]"
Add component (AddParameter): Name = "学习资源"; Value = "www.ooocke.com"; VariantName = "[No Variations]"
Add component (AddParameter): Name = "版权归属"; Value = "源创客"; VariantName = "[No Variations]"
Added Component: Designator=JP?(HDR2.54-LI-3P)
Add component. Clean all parameters for all variants
Add component (AddParameter): Name = "BOM名称"; Value = "3P接插件"; VariantName = "[No Variations]"
Add component (AddParameter): Name = "学习资源"; Value = "www.ooocke.com"; VariantName = "[No Variations]"
Add component (AddParameter): Name = "版权归属"; Value = "源创客"; VariantName = "[No Variations]"
Added Component: Designator=JP?(HDR2.54-LI-3P)
Add component. Clean all parameters for all variants
Add component (AddParameter): Name = "BOM名称"; Value = "3P接插件"; VariantName = "[No Variations]"
Add component (AddParameter): Name = "学习资源"; Value = "www.ooocke.com"; VariantName = "[No Variations]"
Add component (AddParameter): Name = "版权归属"; Value = "源创客"; VariantName = "[No Variations]"
Added Component: Designator=JP?(HDR2.54-LI-4P)
Add component. Clean all parameters for all variants
Add component (AddParameter): Name = "BOM名称"; Value = "4P接插件"; VariantName = "[No Variations]"
Add component (AddParameter): Name = "学习资源"; Value = "www.ooocke.com"; VariantName = "[No Variations]"
Add component (AddParameter): Name = "版权归属"; Value = "源创客"; VariantName = "[No Variations]"
Added Component: Designator=JP?(HDR2.54-M-LI-4P)
Add component. Clean all parameters for all variants
Add component (AddParameter): Name = "BOM名称"; Value = "4P接插件"; VariantName = "[No Variations]"
Add component (AddParameter): Name = "学习资源"; Value = "www.ooocke.com"; VariantName = "[No Variations]"
Add component (AddParameter): Name = "版权归属"; Value = "源创客"; VariantName = "[No Variations]"
Added Component: Designator=JP?(XH2.54-WI-8P)
Add component. Clean all parameters for all variants
Add component (AddParameter): Name = "BOM名称"; Value = "8P接插件"; VariantName = "[No Variations]"
Add component (AddParameter): Name = "学习资源"; Value = "www.ooocke.com"; VariantName = "[No Variations]"
Add component (AddParameter): Name = "版权归属"; Value = "源创客"; VariantName = "[No Variations]"
Added Component: Designator=JP?(HDR2.54-M-LI-8P)
Add component. Clean all parameters for all variants
Add component (AddParameter): Name = "BOM名称"; Value = "8P接插件"; VariantName = "[No Variations]"
Add component (AddParameter): Name = "学习资源"; Value = "www.ooocke.com"; VariantName = "[No Variations]"
Add component (AddParameter): Name = "版权归属"; Value = "源创客"; VariantName = "[No Variations]"
Added Component: Designator=LED?(LED 3528-RGB)
Add component. Clean all parameters for all variants
Add component (AddParameter): Name = "BOM名称"; Value = "三基色LED"; VariantName = "[No Variations]"
Add component (AddParameter): Name = "学习资源"; Value = "www.ooocke.com"; VariantName = "[No Variations]"
Add component (AddParameter): Name = "版权归属"; Value = "源创客"; VariantName = "[No Variations]"
Added Component: Designator=LS?(BUZZER_7525_S)
Add component. Clean all parameters for all variants
Add component (AddParameter): Name = "BOM名称"; Value = "蜂鸣器"; VariantName = "[No Variations]"
Add component (AddParameter): Name = "学习资源"; Value = "www.ooocke.com"; VariantName = "[No Variations]"
Add component (AddParameter): Name = "版权归属"; Value = "源创客"; VariantName = "[No Variations]"
Added Component: Designator=Q?(SOT23-3L)
Add component. Clean all parameters for all variants
Add component (AddParameter): Name = "BOM名称"; Value = "高频放大-NPN型"; VariantName = "[No Variations]"
Add component (AddParameter): Name = "学习资源"; Value = "www.ooocke.com"; VariantName = "[No Variations]"
Add component (AddParameter): Name = "属性"; Value = "40V 1.5A 1W 100MHZ"; VariantName = "[No Variations]"
Add component (AddParameter): Name = "版权归属"; Value = "源创客"; VariantName = "[No Variations]"
Added Component: Designator=R?(R 0603_L)
Add component. Clean all parameters for all variants
Add component (AddParameter): Name = "BOM名称"; Value = "贴片电阻"; VariantName = "[No Variations]"
Add component (AddParameter): Name = "学习资源"; Value = "www.ooocke.com"; VariantName = "[No Variations]"
Add component (AddParameter): Name = "版权归属"; Value = "源创客"; VariantName = "[No Variations]"
Added Component: Designator=R?(R 0603_L)
Add component. Clean all parameters for all variants
Add component (AddParameter): Name = "BOM名称"; Value = "贴片电阻"; VariantName = "[No Variations]"
Add component (AddParameter): Name = "学习资源"; Value = "www.ooocke.com"; VariantName = "[No Variations]"
Add component (AddParameter): Name = "版权归属"; Value = "源创客"; VariantName = "[No Variations]"
Added Component: Designator=R?(R 0603_L)
Add component. Clean all parameters for all variants
Add component (AddParameter): Name = "BOM名称"; Value = "贴片电阻"; VariantName = "[No Variations]"
Add component (AddParameter): Name = "学习资源"; Value = "www.ooocke.com"; VariantName = "[No Variations]"
Add component (AddParameter): Name = "版权归属"; Value = "源创客"; VariantName = "[No Variations]"
Added Component: Designator=R?(R 0603_L)
Add component. Clean all parameters for all variants
Add component (AddParameter): Name = "BOM名称"; Value = "贴片电阻"; VariantName = "[No Variations]"
Add component (AddParameter): Name = "学习资源"; Value = "www.ooocke.com"; VariantName = "[No Variations]"
Add component (AddParameter): Name = "版权归属"; Value = "源创客"; VariantName = "[No Variations]"
Added Component: Designator=R?(R 0603_L)
Add component. Clean all parameters for all variants
Add component (AddParameter): Name = "BOM名称"; Value = "贴片电阻"; VariantName = "[No Variations]"
Add component (AddParameter): Name = "学习资源"; Value = "www.ooocke.com"; VariantName = "[No Variations]"
Add component (AddParameter): Name = "版权归属"; Value = "源创客"; VariantName = "[No Variations]"
Added Component: Designator=S?(SS-12D10)
Add component. Clean all parameters for all variants
Add component (AddParameter): Name = "BOM名称"; Value = "波动开关"; VariantName = "[No Variations]"
Add component (AddParameter): Name = "学习资源"; Value = "www.ooocke.com"; VariantName = "[No Variations]"
Add component (AddParameter): Name = "版权归属"; Value = "源创客"; VariantName = "[No Variations]"
Added Component: Designator=U?(TO252)
Add component. Clean all parameters for all variants
Added Component: Designator=U?(TO252)
Add component. Clean all parameters for all variants
Added Component: Designator=U?(TO252)
Add component. Clean all parameters for all variants
Added Component: Designator=U?(SOT23-6N)
Add component. Clean all parameters for all variants
Added Component: Designator=U?(SOT23-6N)
Add component. Clean all parameters for all variants
Added Pin To Net: NetName=3.3VDC Pin=LED?-1
Added Net: Name=3.3VDC
Added Pin To Net: NetName=3.3V Pin=JP?-2
Added Pin To Net: NetName=3.3V Pin=JP?-2
Added Pin To Net: NetName=3.3V Pin=JP?-4
Added Pin To Net: NetName=3.3V Pin=JP?-4
Added Pin To Net: NetName=3.3V Pin=U?-5
Added Pin To Net: NetName=3.3V Pin=U?-5
Added Net: Name=3.3V
Added Pin To Net: NetName=3V3_CORE Pin=JP?-2
Added Net: Name=3V3_CORE
Added Pin To Net: NetName=3V3 Pin=C?-1
Added Pin To Net: NetName=3V3 Pin=C?-1
Added Pin To Net: NetName=3V3 Pin=C?-1
Added Pin To Net: NetName=3V3 Pin=D?-2
Added Pin To Net: NetName=3V3 Pin=JP?-3
Added Pin To Net: NetName=3V3 Pin=LS?-1
Added Pin To Net: NetName=3V3 Pin=U?-2
Added Net: Name=3V3
Added Pin To Net: NetName=5V_POWER Pin=C?-1
Added Pin To Net: NetName=5V_POWER Pin=C?-1
Added Pin To Net: NetName=5V_POWER Pin=JP?-2
Added Pin To Net: NetName=5V_POWER Pin=JP?-2
Added Pin To Net: NetName=5V_POWER Pin=JP?-2
Added Pin To Net: NetName=5V_POWER Pin=U?-2
Added Net: Name=5V_POWER
Added Pin To Net: NetName=5V Pin=C?-1
Added Pin To Net: NetName=5V Pin=C?-1
Added Pin To Net: NetName=5V Pin=JP?-1
Added Pin To Net: NetName=5V Pin=JP?-1
Added Pin To Net: NetName=5V Pin=JP?-2
Added Pin To Net: NetName=5V Pin=JP?-2
Added Pin To Net: NetName=5V Pin=U?-2
Added Net: Name=5V
Added Pin To Net: NetName=12V Pin=JP?-1
Added Pin To Net: NetName=12V Pin=JP?-1
Added Pin To Net: NetName=12V Pin=S?-2
Added Pin To Net: NetName=12V Pin=S?-3
Added Pin To Net: NetName=12V Pin=U?-3
Added Pin To Net: NetName=12V Pin=U?-3
Added Pin To Net: NetName=12V Pin=U?-3
Added Net: Name=12V
Added Pin To Net: NetName=AIN1 Pin=JP?-3
Added Pin To Net: NetName=AIN1 Pin=U?-6
Added Net: Name=AIN1
Added Pin To Net: NetName=AIN2 Pin=JP?-2
Added Pin To Net: NetName=AIN2 Pin=U?-1
Added Net: Name=AIN2
Added Pin To Net: NetName=AO1 Pin=JP?-1
Added Pin To Net: NetName=AO1 Pin=JP?-4
Added Net: Name=AO1
Added Pin To Net: NetName=AO2 Pin=JP?-5
Added Pin To Net: NetName=AO2 Pin=JP?-6
Added Net: Name=AO2
Added Pin To Net: NetName=BEEF Pin=R?-1
Added Net: Name=BEEF
Added Pin To Net: NetName=BIN1 Pin=JP?-5
Added Pin To Net: NetName=BIN1 Pin=U?-4
Added Net: Name=BIN1
Added Pin To Net: NetName=BIN2 Pin=JP?-6
Added Pin To Net: NetName=BIN2 Pin=U?-3
Added Net: Name=BIN2
Added Pin To Net: NetName=BO1 Pin=JP?-1
Added Pin To Net: NetName=BO1 Pin=JP?-7
Added Net: Name=BO1
Added Pin To Net: NetName=BO2 Pin=JP?-6
Added Pin To Net: NetName=BO2 Pin=JP?-6
Added Net: Name=BO2
Added Pin To Net: NetName=BOOT0 Pin=JP?-15
Added Net: Name=BOOT0
Added Pin To Net: NetName=CIN1 Pin=JP?-3
Added Pin To Net: NetName=CIN1 Pin=U?-6
Added Net: Name=CIN1
Added Pin To Net: NetName=CIN2 Pin=JP?-2
Added Pin To Net: NetName=CIN2 Pin=U?-1
Added Net: Name=CIN2
Added Pin To Net: NetName=CO1 Pin=JP?-1
Added Pin To Net: NetName=CO1 Pin=JP?-4
Added Net: Name=CO1
Added Pin To Net: NetName=CO2 Pin=JP?-2
Added Pin To Net: NetName=CO2 Pin=JP?-5
Added Net: Name=CO2
Added Pin To Net: NetName=DIN1 Pin=JP?-5
Added Pin To Net: NetName=DIN1 Pin=U?-4
Added Net: Name=DIN1
Added Pin To Net: NetName=DIN2 Pin=JP?-6
Added Pin To Net: NetName=DIN2 Pin=U?-3
Added Net: Name=DIN2
Added Pin To Net: NetName=DO1 Pin=JP?-1
Added Pin To Net: NetName=DO1 Pin=JP?-7
Added Net: Name=DO1
Added Pin To Net: NetName=DO2 Pin=JP?-2
Added Pin To Net: NetName=DO2 Pin=JP?-6
Added Net: Name=DO2
Added Pin To Net: NetName=EconderA_1 Pin=JP?-3
Added Net: Name=EconderA_1
Added Pin To Net: NetName=EconderA_2 Pin=JP?-3
Added Net: Name=EconderA_2
Added Pin To Net: NetName=EconderB_1 Pin=JP?-4
Added Net: Name=EconderB_1
Added Pin To Net: NetName=EconderB_2 Pin=JP?-4
Added Net: Name=EconderB_2
Added Pin To Net: NetName=GND Pin=AMASS?-2
Added Pin To Net: NetName=GND Pin=C?-2
Added Pin To Net: NetName=GND Pin=C?-2
Added Pin To Net: NetName=GND Pin=C?-2
Added Pin To Net: NetName=GND Pin=C?-2
Added Pin To Net: NetName=GND Pin=C?-2
Added Pin To Net: NetName=GND Pin=C?-2
Added Pin To Net: NetName=GND Pin=C?-2
Added Pin To Net: NetName=GND Pin=JP?-1
Added Pin To Net: NetName=GND Pin=JP?-1
Added Pin To Net: NetName=GND Pin=JP?-1
Added Pin To Net: NetName=GND Pin=JP?-1
Added Pin To Net: NetName=GND Pin=JP?-2
Added Pin To Net: NetName=GND Pin=JP?-2
Added Pin To Net: NetName=GND Pin=JP?-3
Added Pin To Net: NetName=GND Pin=JP?-3
Added Pin To Net: NetName=GND Pin=JP?-4
Added Pin To Net: NetName=GND Pin=JP?-5
Added Pin To Net: NetName=GND Pin=JP?-5
Added Pin To Net: NetName=GND Pin=JP?-8
Added Pin To Net: NetName=GND Pin=JP?-8
Added Pin To Net: NetName=GND Pin=JP?-8
Added Pin To Net: NetName=GND Pin=JP?-8
Added Pin To Net: NetName=GND Pin=Q?-2
Added Pin To Net: NetName=GND Pin=R?-2
Added Pin To Net: NetName=GND Pin=U?-1
Added Pin To Net: NetName=GND Pin=U?-1
Added Pin To Net: NetName=GND Pin=U?-1
Added Pin To Net: NetName=GND Pin=U?-2
Added Pin To Net: NetName=GND Pin=U?-2
Added Net: Name=GND
Added Pin To Net: NetName=LED_B Pin=R?-1
Added Net: Name=LED_B
Added Pin To Net: NetName=LED_G Pin=R?-1
Added Net: Name=LED_G
Added Pin To Net: NetName=LED_R Pin=R?-1
Added Net: Name=LED_R
Added Pin To Net: NetName=NetD?_1 Pin=D?-1
Added Pin To Net: NetName=NetD?_1 Pin=LS?-2
Added Pin To Net: NetName=NetD?_1 Pin=Q?-3
Added Net: Name=NetD?_1
Added Pin To Net: NetName=NetLED?_2 Pin=LED?-2
Added Pin To Net: NetName=NetLED?_2 Pin=R?-2
Added Net: Name=NetLED?_2
Added Pin To Net: NetName=NetLED?_3 Pin=LED?-3
Added Pin To Net: NetName=NetLED?_3 Pin=R?-2
Added Net: Name=NetLED?_3
Added Pin To Net: NetName=NetLED?_4 Pin=LED?-4
Added Pin To Net: NetName=NetLED?_4 Pin=R?-2
Added Net: Name=NetLED?_4
Added Pin To Net: NetName=NetQ?_1 Pin=Q?-1
Added Pin To Net: NetName=NetQ?_1 Pin=R?-1
Added Pin To Net: NetName=NetQ?_1 Pin=R?-2
Added Net: Name=NetQ?_1
Added Pin To Net: NetName=NRST Pin=JP?-12
Added Net: Name=NRST
Added Pin To Net: NetName=PA0 Pin=JP?-20
Added Net: Name=PA0
Added Pin To Net: NetName=PA1 Pin=JP?-19
Added Net: Name=PA1
Added Pin To Net: NetName=PA2 Pin=JP?-18
Added Net: Name=PA2
Added Pin To Net: NetName=PA3 Pin=JP?-17
Added Net: Name=PA3
Added Pin To Net: NetName=PA4 Pin=JP?-16
Added Net: Name=PA4
Added Pin To Net: NetName=PA5 Pin=JP?-15
Added Net: Name=PA5
Added Pin To Net: NetName=PA6 Pin=JP?-14
Added Net: Name=PA6
Added Pin To Net: NetName=PA7 Pin=JP?-13
Added Net: Name=PA7
Added Pin To Net: NetName=PA8 Pin=JP?-3
Added Net: Name=PA8
Added Pin To Net: NetName=PA9 Pin=JP?-4
Added Net: Name=PA9
Added Pin To Net: NetName=PA10 Pin=JP?-5
Added Net: Name=PA10
Added Pin To Net: NetName=PA11 Pin=JP?-6
Added Net: Name=PA11
Added Pin To Net: NetName=PA12 Pin=JP?-7
Added Net: Name=PA12
Added Pin To Net: NetName=PA13 Pin=JP?-8
Added Net: Name=PA13
Added Pin To Net: NetName=PA14 Pin=JP?-9
Added Net: Name=PA14
Added Pin To Net: NetName=PA15 Pin=JP?-10
Added Net: Name=PA15
Added Pin To Net: NetName=PB0 Pin=JP?-11
Added Net: Name=PB0
Added Pin To Net: NetName=PB1 Pin=JP?-9
Added Net: Name=PB1
Added Pin To Net: NetName=PB2 Pin=JP?-10
Added Net: Name=PB2
Added Pin To Net: NetName=PB3 Pin=JP?-12
Added Net: Name=PB3
Added Pin To Net: NetName=PB4 Pin=JP?-11
Added Net: Name=PB4
Added Pin To Net: NetName=PB5 Pin=JP?-14
Added Net: Name=PB5
Added Pin To Net: NetName=PB6 Pin=JP?-13
Added Net: Name=PB6
Added Pin To Net: NetName=PB7 Pin=JP?-16
Added Net: Name=PB7
Added Pin To Net: NetName=PB8 Pin=JP?-18
Added Net: Name=PB8
Added Pin To Net: NetName=PB9 Pin=JP?-17
Added Net: Name=PB9
Added Pin To Net: NetName=PB10 Pin=JP?-7
Added Net: Name=PB10
Added Pin To Net: NetName=PB11 Pin=JP?-8
Added Net: Name=PB11
Added Pin To Net: NetName=PB12 Pin=JP?-5
Added Net: Name=PB12
Added Pin To Net: NetName=PB13 Pin=JP?-6
Added Net: Name=PB13
Added Pin To Net: NetName=PB14 Pin=JP?-3
Added Net: Name=PB14
Added Pin To Net: NetName=PB15 Pin=JP?-4
Added Net: Name=PB15
Added Pin To Net: NetName=PC13 Pin=JP?-19
Added Net: Name=PC13
Added Pin To Net: NetName=PWM_1 Pin=JP?-3
Added Net: Name=PWM_1
Added Pin To Net: NetName=PWM_2 Pin=JP?-3
Added Net: Name=PWM_2
Added Pin To Net: NetName=PWM_3 Pin=JP?-3
Added Net: Name=PWM_3
Added Pin To Net: NetName=PWMA Pin=JP?-1
Added Net: Name=PWMA
Added Pin To Net: NetName=PWMB Pin=JP?-7
Added Net: Name=PWMB
Added Pin To Net: NetName=PWMC Pin=JP?-1
Added Net: Name=PWMC
Added Pin To Net: NetName=PWMD Pin=JP?-7
Added Net: Name=PWMD
Added Pin To Net: NetName=RX1 Pin=JP?-3
Added Net: Name=RX1
Added Pin To Net: NetName=SCL Pin=JP?-2
Added Net: Name=SCL
Added Pin To Net: NetName=SDA Pin=JP?-1
Added Net: Name=SDA
Added Pin To Net: NetName=TX1 Pin=JP?-4
Added Net: Name=TX1
Added Pin To Net: NetName=VBAT Pin=JP?-20
Added Net: Name=VBAT
Added Pin To Net: NetName=VIN Pin=AMASS?-1
Added Pin To Net: NetName=VIN Pin=S?-1
Added Net: Name=VIN
Added Class: Name=Sheet1
Added Room: Name=Sheet1
