Removed Pin From Net: NetName=DIR_M2 Pin=JP7-5
Removed Pin From Net: NetName=DIR_M1 Pin=JP7-6
Removed Pin From Net: NetName=DIR_M5 Pin=JP7-10
Removed Pin From Net: NetName=PB0 Pin=U1-15
Removed Pin From Net: NetName=PB1 Pin=U1-23
Removed Pin From Net: NetName=PA7 Pin=U5-23
Change component parameters: Designator = "1"; Footprint = "M3 125X200"; UniqueID = "\FBEQCPAW"
Change component parameters. Clean all parameters for all variants
Change component parameters (AddParameter): Name = "BOM名称"; Value = "铜柱孔"; VariantName = "[No Variations]"
Change component parameters (AddParameter): Name = "学习资源"; Value = "www.ooocke.com"; VariantName = "[No Variations]"
Change component parameters (AddParameter): Name = "版权归属"; Value = "源创客"; VariantName = "[No Variations]"
Change component parameters: Designator = "2"; Footprint = "M3 125X200"; UniqueID = "\PAYVIKYE"
Change component parameters. Clean all parameters for all variants
Change component parameters (AddParameter): Name = "BOM名称"; Value = "铜柱孔"; VariantName = "[No Variations]"
Change component parameters (AddParameter): Name = "学习资源"; Value = "www.ooocke.com"; VariantName = "[No Variations]"
Change component parameters (AddParameter): Name = "版权归属"; Value = "源创客"; VariantName = "[No Variations]"
Change component parameters: Designator = "3"; Footprint = "M3 125X200"; UniqueID = "\CJMBAWOX"
Change component parameters. Clean all parameters for all variants
Change component parameters (AddParameter): Name = "BOM名称"; Value = "铜柱孔"; VariantName = "[No Variations]"
Change component parameters (AddParameter): Name = "学习资源"; Value = "www.ooocke.com"; VariantName = "[No Variations]"
Change component parameters (AddParameter): Name = "版权归属"; Value = "源创客"; VariantName = "[No Variations]"
Change component parameters: Designator = "4"; Footprint = "M3 125X200"; UniqueID = "\JLCPEGHC"
Change component parameters. Clean all parameters for all variants
Change component parameters (AddParameter): Name = "BOM名称"; Value = "铜柱孔"; VariantName = "[No Variations]"
Change component parameters (AddParameter): Name = "学习资源"; Value = "www.ooocke.com"; VariantName = "[No Variations]"
Change component parameters (AddParameter): Name = "版权归属"; Value = "源创客"; VariantName = "[No Variations]"
Change component parameters: Designator = "JP1"; Footprint = "XH2.54-WI-6P"; UniqueID = "\TPUNIXAW"
Change component parameters. Clean all parameters for all variants
Change component parameters (AddParameter): Name = "BOM名称"; Value = "6P接插件"; VariantName = "[No Variations]"
Change component parameters (AddParameter): Name = "学习资源"; Value = "www.ooocke.com"; VariantName = "[No Variations]"
Change component parameters (AddParameter): Name = "版权归属"; Value = "源创客"; VariantName = "[No Variations]"
Change component parameters: Designator = "JP8"; Footprint = "XH2.54-WI-6P"; UniqueID = "\BNABRQVT"
Change component parameters. Clean all parameters for all variants
Change component parameters (AddParameter): Name = "BOM名称"; Value = "6P接插件"; VariantName = "[No Variations]"
Change component parameters (AddParameter): Name = "学习资源"; Value = "www.ooocke.com"; VariantName = "[No Variations]"
Change component parameters (AddParameter): Name = "版权归属"; Value = "源创客"; VariantName = "[No Variations]"
Change component parameters: Designator = "JP9"; Footprint = "XH2.54-WI-6P"; UniqueID = "\WGQFNNOM"
Change component parameters. Clean all parameters for all variants
Change component parameters (AddParameter): Name = "BOM名称"; Value = "6P接插件"; VariantName = "[No Variations]"
Change component parameters (AddParameter): Name = "学习资源"; Value = "www.ooocke.com"; VariantName = "[No Variations]"
Change component parameters (AddParameter): Name = "版权归属"; Value = "源创客"; VariantName = "[No Variations]"
Change component parameters: Designator = "JP10"; Footprint = "XH2.54-WI-6P"; UniqueID = "\LRKSMHYE"
Change component parameters. Clean all parameters for all variants
Change component parameters (AddParameter): Name = "BOM名称"; Value = "6P接插件"; VariantName = "[No Variations]"
Change component parameters (AddParameter): Name = "学习资源"; Value = "www.ooocke.com"; VariantName = "[No Variations]"
Change component parameters (AddParameter): Name = "版权归属"; Value = "源创客"; VariantName = "[No Variations]"
Change component parameters: Designator = "JP11"; Footprint = "XH2.54-WI-6P"; UniqueID = "\EPFIFHVR"
Change component parameters. Clean all parameters for all variants
Change component parameters (AddParameter): Name = "BOM名称"; Value = "6P接插件"; VariantName = "[No Variations]"
Change component parameters (AddParameter): Name = "学习资源"; Value = "www.ooocke.com"; VariantName = "[No Variations]"
Change component parameters (AddParameter): Name = "版权归属"; Value = "源创客"; VariantName = "[No Variations]"
Change component parameters: Designator = "LS1"; Footprint = "BUZZER_1260_I"; UniqueID = "\HAFBSDOQ"
Change component parameters. Clean all parameters for all variants
Change component parameters (AddParameter): Name = "BOM名称"; Value = "蜂鸣器"; VariantName = "[No Variations]"
Change component parameters (AddParameter): Name = "学习资源"; Value = "www.ooocke.com"; VariantName = "[No Variations]"
Change component parameters (AddParameter): Name = "版权归属"; Value = "源创客"; VariantName = "[No Variations]"
Added Pin To Net: NetName=PA6 Pin=JP7-10
Added Net: Name=PA6
Added Pin To Net: NetName=PB10 Pin=JP7-6
Added Net: Name=PB10
Added Pin To Net: NetName=PB11 Pin=JP7-5
Added Net: Name=PB11
Added Pin To Net: NetName=PWM_M1 Pin=U1-23
Added Net: Name=PWM_M1
Added Pin To Net: NetName=PWM_M2 Pin=U1-15
Added Net: Name=PWM_M2
Added Pin To Net: NetName=PWM_M5 Pin=U5-23
Added Net: Name=PWM_M5
