Added Component: Designator=AMASS1(XT30PW-F)
Add component. Clean all parameters for all variants
Added Component: Designator=BOLT1(BOLT M3_A)
Add component. Clean all parameters for all variants
Added Component: Designator=BOLT2(BOLT M3_A)
Add component. Clean all parameters for all variants
Added Component: Designator=BOLT3(BOLT M3_A)
Add component. Clean all parameters for all variants
Added Component: Designator=BOLT4(BOLT M3_A)
Add component. Clean all parameters for all variants
Added Component: Designator=C1(C 0603_L)
Add component. Clean all parameters for all variants
Add component (AddParameter): Name = "BOM名称"; Value = "无极性贴片电容"; VariantName = "[No Variations]"
Add component (AddParameter): Name = "学习资源"; Value = "www.ooocke.com"; VariantName = "[No Variations]"
Add component (AddParameter): Name = "版权归属"; Value = "源创客"; VariantName = "[No Variations]"
Added Component: Designator=C2(C 0603_L)
Add component. Clean all parameters for all variants
Add component (AddParameter): Name = "BOM名称"; Value = "无极性贴片电容"; VariantName = "[No Variations]"
Add component (AddParameter): Name = "学习资源"; Value = "www.ooocke.com"; VariantName = "[No Variations]"
Add component (AddParameter): Name = "版权归属"; Value = "源创客"; VariantName = "[No Variations]"
Added Component: Designator=C3(C 0603_L)
Add component. Clean all parameters for all variants
Add component (AddParameter): Name = "BOM名称"; Value = "无极性贴片电容"; VariantName = "[No Variations]"
Add component (AddParameter): Name = "学习资源"; Value = "www.ooocke.com"; VariantName = "[No Variations]"
Add component (AddParameter): Name = "版权归属"; Value = "源创客"; VariantName = "[No Variations]"
Added Component: Designator=C4(C 0603_L)
Add component. Clean all parameters for all variants
Add component (AddParameter): Name = "BOM名称"; Value = "无极性贴片电容"; VariantName = "[No Variations]"
Add component (AddParameter): Name = "学习资源"; Value = "www.ooocke.com"; VariantName = "[No Variations]"
Add component (AddParameter): Name = "版权归属"; Value = "源创客"; VariantName = "[No Variations]"
Added Component: Designator=C5(C 1206_L)
Add component. Clean all parameters for all variants
Add component (AddParameter): Name = "BOM名称"; Value = "无极性贴片电容"; VariantName = "[No Variations]"
Add component (AddParameter): Name = "学习资源"; Value = "www.ooocke.com"; VariantName = "[No Variations]"
Add component (AddParameter): Name = "版权归属"; Value = "源创客"; VariantName = "[No Variations]"
Added Component: Designator=C6(C 0603_L)
Add component. Clean all parameters for all variants
Add component (AddParameter): Name = "BOM名称"; Value = "无极性贴片电容"; VariantName = "[No Variations]"
Add component (AddParameter): Name = "学习资源"; Value = "www.ooocke.com"; VariantName = "[No Variations]"
Add component (AddParameter): Name = "版权归属"; Value = "源创客"; VariantName = "[No Variations]"
Added Component: Designator=C7(C 0603_L)
Add component. Clean all parameters for all variants
Add component (AddParameter): Name = "BOM名称"; Value = "无极性贴片电容"; VariantName = "[No Variations]"
Add component (AddParameter): Name = "学习资源"; Value = "www.ooocke.com"; VariantName = "[No Variations]"
Add component (AddParameter): Name = "版权归属"; Value = "源创客"; VariantName = "[No Variations]"
Added Component: Designator=C8(C 0603_L)
Add component. Clean all parameters for all variants
Add component (AddParameter): Name = "BOM名称"; Value = "无极性贴片电容"; VariantName = "[No Variations]"
Add component (AddParameter): Name = "学习资源"; Value = "www.ooocke.com"; VariantName = "[No Variations]"
Add component (AddParameter): Name = "版权归属"; Value = "源创客"; VariantName = "[No Variations]"
Added Component: Designator=C9(C 0603_L)
Add component. Clean all parameters for all variants
Add component (AddParameter): Name = "BOM名称"; Value = "无极性贴片电容"; VariantName = "[No Variations]"
Add component (AddParameter): Name = "学习资源"; Value = "www.ooocke.com"; VariantName = "[No Variations]"
Add component (AddParameter): Name = "版权归属"; Value = "源创客"; VariantName = "[No Variations]"
Added Component: Designator=C10(C 1206_L)
Add component. Clean all parameters for all variants
Add component (AddParameter): Name = "BOM名称"; Value = "无极性贴片电容"; VariantName = "[No Variations]"
Add component (AddParameter): Name = "学习资源"; Value = "www.ooocke.com"; VariantName = "[No Variations]"
Add component (AddParameter): Name = "版权归属"; Value = "源创客"; VariantName = "[No Variations]"
Added Component: Designator=C11(C 0603_L)
Add component. Clean all parameters for all variants
Add component (AddParameter): Name = "BOM名称"; Value = "无极性贴片电容"; VariantName = "[No Variations]"
Add component (AddParameter): Name = "学习资源"; Value = "www.ooocke.com"; VariantName = "[No Variations]"
Add component (AddParameter): Name = "版权归属"; Value = "源创客"; VariantName = "[No Variations]"
Added Component: Designator=C12(C 0603_L)
Add component. Clean all parameters for all variants
Add component (AddParameter): Name = "BOM名称"; Value = "无极性贴片电容"; VariantName = "[No Variations]"
Add component (AddParameter): Name = "学习资源"; Value = "www.ooocke.com"; VariantName = "[No Variations]"
Add component (AddParameter): Name = "版权归属"; Value = "源创客"; VariantName = "[No Variations]"
Added Component: Designator=C13(C 0603_L)
Add component. Clean all parameters for all variants
Add component (AddParameter): Name = "BOM名称"; Value = "无极性贴片电容"; VariantName = "[No Variations]"
Add component (AddParameter): Name = "学习资源"; Value = "www.ooocke.com"; VariantName = "[No Variations]"
Add component (AddParameter): Name = "版权归属"; Value = "源创客"; VariantName = "[No Variations]"
Added Component: Designator=C14(C 0603_L)
Add component. Clean all parameters for all variants
Add component (AddParameter): Name = "BOM名称"; Value = "无极性贴片电容"; VariantName = "[No Variations]"
Add component (AddParameter): Name = "学习资源"; Value = "www.ooocke.com"; VariantName = "[No Variations]"
Add component (AddParameter): Name = "版权归属"; Value = "源创客"; VariantName = "[No Variations]"
Added Component: Designator=C15(C 1206_L)
Add component. Clean all parameters for all variants
Add component (AddParameter): Name = "BOM名称"; Value = "无极性贴片电容"; VariantName = "[No Variations]"
Add component (AddParameter): Name = "学习资源"; Value = "www.ooocke.com"; VariantName = "[No Variations]"
Add component (AddParameter): Name = "版权归属"; Value = "源创客"; VariantName = "[No Variations]"
Added Component: Designator=JP1(XH2.54-WI-6P)
Add component. Clean all parameters for all variants
Add component (AddParameter): Name = "BOM名称"; Value = "6P接插件"; VariantName = "[No Variations]"
Add component (AddParameter): Name = "学习资源"; Value = "www.ooocke.com"; VariantName = "[No Variations]"
Add component (AddParameter): Name = "版权归属"; Value = "源创客"; VariantName = "[No Variations]"
Added Component: Designator=JP2(HDR2.54-LI-2P)
Add component. Clean all parameters for all variants
Add component (AddParameter): Name = "BOM名称"; Value = "2P接插件"; VariantName = "[No Variations]"
Add component (AddParameter): Name = "学习资源"; Value = "www.ooocke.com"; VariantName = "[No Variations]"
Add component (AddParameter): Name = "版权归属"; Value = "源创客"; VariantName = "[No Variations]"
Added Component: Designator=JP3(HDR2.54-LI-2P)
Add component. Clean all parameters for all variants
Add component (AddParameter): Name = "BOM名称"; Value = "2P接插件"; VariantName = "[No Variations]"
Add component (AddParameter): Name = "学习资源"; Value = "www.ooocke.com"; VariantName = "[No Variations]"
Add component (AddParameter): Name = "版权归属"; Value = "源创客"; VariantName = "[No Variations]"
Added Component: Designator=JP4(HDR2.54-LI-2P)
Add component. Clean all parameters for all variants
Add component (AddParameter): Name = "BOM名称"; Value = "2P接插件"; VariantName = "[No Variations]"
Add component (AddParameter): Name = "学习资源"; Value = "www.ooocke.com"; VariantName = "[No Variations]"
Add component (AddParameter): Name = "版权归属"; Value = "源创客"; VariantName = "[No Variations]"
Added Component: Designator=JP5(HDR2.54-LI-2P)
Add component. Clean all parameters for all variants
Add component (AddParameter): Name = "BOM名称"; Value = "2P接插件"; VariantName = "[No Variations]"
Add component (AddParameter): Name = "学习资源"; Value = "www.ooocke.com"; VariantName = "[No Variations]"
Add component (AddParameter): Name = "版权归属"; Value = "源创客"; VariantName = "[No Variations]"
Added Component: Designator=JP6(HDR2.54-LI-20P)
Add component. Clean all parameters for all variants
Add component (AddParameter): Name = "BOM名称"; Value = "20P接插件"; VariantName = "[No Variations]"
Add component (AddParameter): Name = "学习资源"; Value = "www.ooocke.com"; VariantName = "[No Variations]"
Add component (AddParameter): Name = "版权归属"; Value = "源创客"; VariantName = "[No Variations]"
Added Component: Designator=JP7(HDR2.54-LI-20P)
Add component. Clean all parameters for all variants
Add component (AddParameter): Name = "BOM名称"; Value = "20P接插件"; VariantName = "[No Variations]"
Add component (AddParameter): Name = "学习资源"; Value = "www.ooocke.com"; VariantName = "[No Variations]"
Add component (AddParameter): Name = "版权归属"; Value = "源创客"; VariantName = "[No Variations]"
Added Component: Designator=JP8(XH2.54-WI-6P)
Add component. Clean all parameters for all variants
Add component (AddParameter): Name = "BOM名称"; Value = "6P接插件"; VariantName = "[No Variations]"
Add component (AddParameter): Name = "学习资源"; Value = "www.ooocke.com"; VariantName = "[No Variations]"
Add component (AddParameter): Name = "版权归属"; Value = "源创客"; VariantName = "[No Variations]"
Added Component: Designator=JP9(XH2.54-WI-6P)
Add component. Clean all parameters for all variants
Add component (AddParameter): Name = "BOM名称"; Value = "6P接插件"; VariantName = "[No Variations]"
Add component (AddParameter): Name = "学习资源"; Value = "www.ooocke.com"; VariantName = "[No Variations]"
Add component (AddParameter): Name = "版权归属"; Value = "源创客"; VariantName = "[No Variations]"
Added Component: Designator=LED1(LED 0805B)
Add component. Clean all parameters for all variants
Add component (AddParameter): Name = "BOM名称"; Value = "贴片LED"; VariantName = "[No Variations]"
Add component (AddParameter): Name = "学习资源"; Value = "www.ooocke.com"; VariantName = "[No Variations]"
Add component (AddParameter): Name = "版权归属"; Value = "源创客"; VariantName = "[No Variations]"
Added Component: Designator=LED2(LED 0805B)
Add component. Clean all parameters for all variants
Add component (AddParameter): Name = "BOM名称"; Value = "贴片LED"; VariantName = "[No Variations]"
Add component (AddParameter): Name = "学习资源"; Value = "www.ooocke.com"; VariantName = "[No Variations]"
Add component (AddParameter): Name = "版权归属"; Value = "源创客"; VariantName = "[No Variations]"
Added Component: Designator=LED3(LED 0805B)
Add component. Clean all parameters for all variants
Add component (AddParameter): Name = "BOM名称"; Value = "贴片LED"; VariantName = "[No Variations]"
Add component (AddParameter): Name = "学习资源"; Value = "www.ooocke.com"; VariantName = "[No Variations]"
Add component (AddParameter): Name = "版权归属"; Value = "源创客"; VariantName = "[No Variations]"
Added Component: Designator=LS1(BUZZER_1260_I)
Add component. Clean all parameters for all variants
Add component (AddParameter): Name = "BOM名称"; Value = "蜂鸣器"; VariantName = "[No Variations]"
Add component (AddParameter): Name = "学习资源"; Value = "www.ooocke.com"; VariantName = "[No Variations]"
Add component (AddParameter): Name = "版权归属"; Value = "源创客"; VariantName = "[No Variations]"
Added Component: Designator=Q1(SOT23-3N)
Add component. Clean all parameters for all variants
Add component (AddParameter): Name = "BOM名称"; Value = "高频放大-NPN型"; VariantName = "[No Variations]"
Add component (AddParameter): Name = "学习资源"; Value = "www.ooocke.com"; VariantName = "[No Variations]"
Add component (AddParameter): Name = "属性"; Value = "40V 1.5A 1W 100MHZ"; VariantName = "[No Variations]"
Add component (AddParameter): Name = "版权归属"; Value = "源创客"; VariantName = "[No Variations]"
Added Component: Designator=R1(R 0603_L)
Add component. Clean all parameters for all variants
Add component (AddParameter): Name = "BOM名称"; Value = "贴片电阻"; VariantName = "[No Variations]"
Add component (AddParameter): Name = "学习资源"; Value = "www.ooocke.com"; VariantName = "[No Variations]"
Add component (AddParameter): Name = "版权归属"; Value = "源创客"; VariantName = "[No Variations]"
Added Component: Designator=R2(R 0603_L)
Add component. Clean all parameters for all variants
Add component (AddParameter): Name = "BOM名称"; Value = "贴片电阻"; VariantName = "[No Variations]"
Add component (AddParameter): Name = "学习资源"; Value = "www.ooocke.com"; VariantName = "[No Variations]"
Add component (AddParameter): Name = "版权归属"; Value = "源创客"; VariantName = "[No Variations]"
Added Component: Designator=R3(R 0603_L)
Add component. Clean all parameters for all variants
Add component (AddParameter): Name = "BOM名称"; Value = "贴片电阻"; VariantName = "[No Variations]"
Add component (AddParameter): Name = "学习资源"; Value = "www.ooocke.com"; VariantName = "[No Variations]"
Add component (AddParameter): Name = "版权归属"; Value = "源创客"; VariantName = "[No Variations]"
Added Component: Designator=R4(R 0603_L)
Add component. Clean all parameters for all variants
Add component (AddParameter): Name = "BOM名称"; Value = "贴片电阻"; VariantName = "[No Variations]"
Add component (AddParameter): Name = "学习资源"; Value = "www.ooocke.com"; VariantName = "[No Variations]"
Add component (AddParameter): Name = "版权归属"; Value = "源创客"; VariantName = "[No Variations]"
Added Component: Designator=S1(SS-12D10)
Add component. Clean all parameters for all variants
Add component (AddParameter): Name = "BOM名称"; Value = "波动开关"; VariantName = "[No Variations]"
Add component (AddParameter): Name = "学习资源"; Value = "www.ooocke.com"; VariantName = "[No Variations]"
Add component (AddParameter): Name = "版权归属"; Value = "源创客"; VariantName = "[No Variations]"
Added Component: Designator=SW1(TSW SMD-6*6*4.3)
Add component. Clean all parameters for all variants
Add component (AddParameter): Name = "BOM名称"; Value = "贴片6x6轻触开关"; VariantName = "[No Variations]"
Add component (AddParameter): Name = "学习资源"; Value = "www.ooocke.com"; VariantName = "[No Variations]"
Add component (AddParameter): Name = "版权归属"; Value = "源创客"; VariantName = "[No Variations]"
Added Component: Designator=SW2(TSW SMD-6*6*4.3)
Add component. Clean all parameters for all variants
Add component (AddParameter): Name = "BOM名称"; Value = "贴片6x6轻触开关"; VariantName = "[No Variations]"
Add component (AddParameter): Name = "学习资源"; Value = "www.ooocke.com"; VariantName = "[No Variations]"
Add component (AddParameter): Name = "版权归属"; Value = "源创客"; VariantName = "[No Variations]"
Added Component: Designator=SW3(TSW SMD-6*6*4.3)
Add component. Clean all parameters for all variants
Add component (AddParameter): Name = "BOM名称"; Value = "贴片6x6轻触开关"; VariantName = "[No Variations]"
Add component (AddParameter): Name = "学习资源"; Value = "www.ooocke.com"; VariantName = "[No Variations]"
Add component (AddParameter): Name = "版权归属"; Value = "源创客"; VariantName = "[No Variations]"
Added Component: Designator=U1(SSOP24_N)
Add component. Clean all parameters for all variants
Added Component: Designator=U2(SOT23-6N)
Add component. Clean all parameters for all variants
Added Component: Designator=U3(SSOP24_N)
Add component. Clean all parameters for all variants
Added Component: Designator=U4(SOT23-6N)
Add component. Clean all parameters for all variants
Added Component: Designator=U5(SSOP24_N)
Add component. Clean all parameters for all variants
Added Component: Designator=U6(SOT23-6N)
Add component. Clean all parameters for all variants
Added Pin To Net: NetName=3V3 Pin=C3-2
Added Pin To Net: NetName=3V3 Pin=C8-2
Added Pin To Net: NetName=3V3 Pin=C13-2
Added Pin To Net: NetName=3V3 Pin=JP6-20
Added Pin To Net: NetName=3V3 Pin=JP7-3
Added Pin To Net: NetName=3V3 Pin=U1-19
Added Pin To Net: NetName=3V3 Pin=U1-20
Added Pin To Net: NetName=3V3 Pin=U2-5
Added Pin To Net: NetName=3V3 Pin=U3-19
Added Pin To Net: NetName=3V3 Pin=U3-20
Added Pin To Net: NetName=3V3 Pin=U4-5
Added Pin To Net: NetName=3V3 Pin=U5-19
Added Pin To Net: NetName=3V3 Pin=U5-20
Added Pin To Net: NetName=3V3 Pin=U6-5
Added Net: Name=3V3
Added Pin To Net: NetName=5V Pin=JP3-1
Added Pin To Net: NetName=5V Pin=JP3-2
Added Pin To Net: NetName=5V Pin=JP6-18
Added Pin To Net: NetName=5V Pin=LS1-1
Added Net: Name=5V
Added Pin To Net: NetName=12VDC Pin=C4-2
Added Pin To Net: NetName=12VDC Pin=C5-2
Added Pin To Net: NetName=12VDC Pin=C9-2
Added Pin To Net: NetName=12VDC Pin=C10-2
Added Pin To Net: NetName=12VDC Pin=C14-2
Added Pin To Net: NetName=12VDC Pin=C15-2
Added Pin To Net: NetName=12VDC Pin=JP1-6
Added Pin To Net: NetName=12VDC Pin=JP2-1
Added Pin To Net: NetName=12VDC Pin=JP2-2
Added Pin To Net: NetName=12VDC Pin=JP8-6
Added Pin To Net: NetName=12VDC Pin=JP9-6
Added Pin To Net: NetName=12VDC Pin=R1-2
Added Pin To Net: NetName=12VDC Pin=R2-2
Added Pin To Net: NetName=12VDC Pin=R4-2
Added Pin To Net: NetName=12VDC Pin=S1-3
Added Pin To Net: NetName=12VDC Pin=U1-13
Added Pin To Net: NetName=12VDC Pin=U1-14
Added Pin To Net: NetName=12VDC Pin=U1-24
Added Pin To Net: NetName=12VDC Pin=U3-13
Added Pin To Net: NetName=12VDC Pin=U3-14
Added Pin To Net: NetName=12VDC Pin=U3-24
Added Pin To Net: NetName=12VDC Pin=U5-13
Added Pin To Net: NetName=12VDC Pin=U5-14
Added Pin To Net: NetName=12VDC Pin=U5-24
Added Net: Name=12VDC
Added Pin To Net: NetName=BEEF Pin=R3-2
Added Net: Name=BEEF
Added Pin To Net: NetName=DIR_M1 Pin=U1-22
Added Pin To Net: NetName=DIR_M1 Pin=U2-3
Added Net: Name=DIR_M1
Added Pin To Net: NetName=DIR_M2 Pin=U1-16
Added Pin To Net: NetName=DIR_M2 Pin=U2-1
Added Net: Name=DIR_M2
Added Pin To Net: NetName=DIR_M3 Pin=U3-22
Added Pin To Net: NetName=DIR_M3 Pin=U4-3
Added Net: Name=DIR_M3
Added Pin To Net: NetName=DIR_M4 Pin=U3-16
Added Pin To Net: NetName=DIR_M4 Pin=U4-1
Added Net: Name=DIR_M4
Added Pin To Net: NetName=DIR_M5 Pin=U5-16
Added Pin To Net: NetName=DIR_M5 Pin=U5-22
Added Pin To Net: NetName=DIR_M5 Pin=U6-1
Added Pin To Net: NetName=DIR_M5 Pin=U6-3
Added Net: Name=DIR_M5
Added Pin To Net: NetName=GND Pin=AMASS1-2
Added Pin To Net: NetName=GND Pin=C3-1
Added Pin To Net: NetName=GND Pin=C8-1
Added Pin To Net: NetName=GND Pin=C13-1
Added Pin To Net: NetName=GND Pin=JP1-5
Added Pin To Net: NetName=GND Pin=JP4-1
Added Pin To Net: NetName=GND Pin=JP4-2
Added Pin To Net: NetName=GND Pin=JP5-1
Added Pin To Net: NetName=GND Pin=JP5-2
Added Pin To Net: NetName=GND Pin=JP6-19
Added Pin To Net: NetName=GND Pin=JP7-1
Added Pin To Net: NetName=GND Pin=JP7-2
Added Pin To Net: NetName=GND Pin=JP8-5
Added Pin To Net: NetName=GND Pin=JP9-5
Added Pin To Net: NetName=GND Pin=Q1-2
Added Pin To Net: NetName=GND Pin=SW1-2
Added Pin To Net: NetName=GND Pin=SW2-2
Added Pin To Net: NetName=GND Pin=SW3-2
Added Pin To Net: NetName=GND Pin=U1-18
Added Pin To Net: NetName=GND Pin=U2-2
Added Pin To Net: NetName=GND Pin=U3-18
Added Pin To Net: NetName=GND Pin=U4-2
Added Pin To Net: NetName=GND Pin=U5-18
Added Pin To Net: NetName=GND Pin=U6-2
Added Net: Name=GND
Added Pin To Net: NetName=KEY1 Pin=SW1-1
Added Net: Name=KEY1
Added Pin To Net: NetName=KEY2 Pin=SW2-1
Added Net: Name=KEY2
Added Pin To Net: NetName=KEY3 Pin=SW3-1
Added Net: Name=KEY3
Added Pin To Net: NetName=M1+ Pin=C1-2
Added Pin To Net: NetName=M1+ Pin=JP1-1
Added Pin To Net: NetName=M1+ Pin=U1-1
Added Pin To Net: NetName=M1+ Pin=U1-2
Added Net: Name=M1+
Added Pin To Net: NetName=M1- Pin=C1-1
Added Pin To Net: NetName=M1- Pin=JP1-2
Added Pin To Net: NetName=M1- Pin=U1-5
Added Pin To Net: NetName=M1- Pin=U1-6
Added Net: Name=M1-
Added Pin To Net: NetName=M2+ Pin=C2-2
Added Pin To Net: NetName=M2+ Pin=JP1-3
Added Pin To Net: NetName=M2+ Pin=U1-7
Added Pin To Net: NetName=M2+ Pin=U1-8
Added Net: Name=M2+
Added Pin To Net: NetName=M2- Pin=C2-1
Added Pin To Net: NetName=M2- Pin=JP1-4
Added Pin To Net: NetName=M2- Pin=U1-11
Added Pin To Net: NetName=M2- Pin=U1-12
Added Net: Name=M2-
Added Pin To Net: NetName=M3+ Pin=C6-2
Added Pin To Net: NetName=M3+ Pin=JP8-1
Added Pin To Net: NetName=M3+ Pin=U3-1
Added Pin To Net: NetName=M3+ Pin=U3-2
Added Net: Name=M3+
Added Pin To Net: NetName=M3- Pin=C6-1
Added Pin To Net: NetName=M3- Pin=JP8-2
Added Pin To Net: NetName=M3- Pin=U3-5
Added Pin To Net: NetName=M3- Pin=U3-6
Added Net: Name=M3-
Added Pin To Net: NetName=M4+ Pin=C7-2
Added Pin To Net: NetName=M4+ Pin=JP8-3
Added Pin To Net: NetName=M4+ Pin=U3-7
Added Pin To Net: NetName=M4+ Pin=U3-8
Added Net: Name=M4+
Added Pin To Net: NetName=M4- Pin=C7-1
Added Pin To Net: NetName=M4- Pin=JP8-4
Added Pin To Net: NetName=M4- Pin=U3-11
Added Pin To Net: NetName=M4- Pin=U3-12
Added Net: Name=M4-
Added Pin To Net: NetName=M5+ Pin=C11-2
Added Pin To Net: NetName=M5+ Pin=JP9-1
Added Pin To Net: NetName=M5+ Pin=U5-1
Added Pin To Net: NetName=M5+ Pin=U5-2
Added Net: Name=M5+
Added Pin To Net: NetName=M5- Pin=C11-1
Added Pin To Net: NetName=M5- Pin=JP9-2
Added Pin To Net: NetName=M5- Pin=U5-5
Added Pin To Net: NetName=M5- Pin=U5-6
Added Net: Name=M5-
Added Pin To Net: NetName=M6+ Pin=C12-2
Added Pin To Net: NetName=M6+ Pin=JP9-3
Added Pin To Net: NetName=M6+ Pin=U5-7
Added Pin To Net: NetName=M6+ Pin=U5-8
Added Net: Name=M6+
Added Pin To Net: NetName=M6- Pin=C12-1
Added Pin To Net: NetName=M6- Pin=JP9-4
Added Pin To Net: NetName=M6- Pin=U5-11
Added Pin To Net: NetName=M6- Pin=U5-12
Added Net: Name=M6-
Added Pin To Net: NetName=NetC4_1 Pin=C4-1
Added Pin To Net: NetName=NetC4_1 Pin=C5-1
Added Pin To Net: NetName=NetC4_1 Pin=LED1-2
Added Pin To Net: NetName=NetC4_1 Pin=U1-3
Added Pin To Net: NetName=NetC4_1 Pin=U1-4
Added Pin To Net: NetName=NetC4_1 Pin=U1-9
Added Pin To Net: NetName=NetC4_1 Pin=U1-10
Added Net: Name=NetC4_1
Added Pin To Net: NetName=NetC9_1 Pin=C9-1
Added Pin To Net: NetName=NetC9_1 Pin=C10-1
Added Pin To Net: NetName=NetC9_1 Pin=LED2-2
Added Pin To Net: NetName=NetC9_1 Pin=U3-3
Added Pin To Net: NetName=NetC9_1 Pin=U3-4
Added Pin To Net: NetName=NetC9_1 Pin=U3-9
Added Pin To Net: NetName=NetC9_1 Pin=U3-10
Added Net: Name=NetC9_1
Added Pin To Net: NetName=NetC14_1 Pin=C14-1
Added Pin To Net: NetName=NetC14_1 Pin=C15-1
Added Pin To Net: NetName=NetC14_1 Pin=LED3-2
Added Pin To Net: NetName=NetC14_1 Pin=U5-3
Added Pin To Net: NetName=NetC14_1 Pin=U5-4
Added Pin To Net: NetName=NetC14_1 Pin=U5-9
Added Pin To Net: NetName=NetC14_1 Pin=U5-10
Added Net: Name=NetC14_1
Added Pin To Net: NetName=NetLED1_1 Pin=LED1-1
Added Pin To Net: NetName=NetLED1_1 Pin=R1-1
Added Net: Name=NetLED1_1
Added Pin To Net: NetName=NetLED2_1 Pin=LED2-1
Added Pin To Net: NetName=NetLED2_1 Pin=R2-1
Added Net: Name=NetLED2_1
Added Pin To Net: NetName=NetLED3_1 Pin=LED3-1
Added Pin To Net: NetName=NetLED3_1 Pin=R4-1
Added Net: Name=NetLED3_1
Added Pin To Net: NetName=NetLS1_2 Pin=LS1-2
Added Pin To Net: NetName=NetLS1_2 Pin=Q1-3
Added Net: Name=NetLS1_2
Added Pin To Net: NetName=NetQ1_1 Pin=Q1-1
Added Pin To Net: NetName=NetQ1_1 Pin=R3-1
Added Net: Name=NetQ1_1
Added Pin To Net: NetName=NetU1_17 Pin=U1-17
Added Pin To Net: NetName=NetU1_17 Pin=U2-6
Added Net: Name=NetU1_17
Added Pin To Net: NetName=NetU1_21 Pin=U1-21
Added Pin To Net: NetName=NetU1_21 Pin=U2-4
Added Net: Name=NetU1_21
Added Pin To Net: NetName=NetU3_17 Pin=U3-17
Added Pin To Net: NetName=NetU3_17 Pin=U4-6
Added Net: Name=NetU3_17
Added Pin To Net: NetName=NetU3_21 Pin=U3-21
Added Pin To Net: NetName=NetU3_21 Pin=U4-4
Added Net: Name=NetU3_21
Added Pin To Net: NetName=NetU5_17 Pin=U5-17
Added Pin To Net: NetName=NetU5_17 Pin=U6-6
Added Net: Name=NetU5_17
Added Pin To Net: NetName=NetU5_21 Pin=U5-21
Added Pin To Net: NetName=NetU5_21 Pin=U6-4
Added Net: Name=NetU5_21
Added Pin To Net: NetName=PA0 Pin=JP7-16
Added Net: Name=PA0
Added Pin To Net: NetName=PA1 Pin=JP7-15
Added Net: Name=PA1
Added Pin To Net: NetName=PA2 Pin=JP7-14
Added Net: Name=PA2
Added Pin To Net: NetName=PA3 Pin=JP7-13
Added Net: Name=PA3
Added Pin To Net: NetName=PA4 Pin=JP7-12
Added Net: Name=PA4
Added Pin To Net: NetName=PA5 Pin=JP7-11
Added Net: Name=PA5
Added Pin To Net: NetName=PA6 Pin=JP7-10
Added Net: Name=PA6
Added Pin To Net: NetName=PA7 Pin=JP7-9
Added Net: Name=PA7
Added Pin To Net: NetName=PA8 Pin=JP6-5
Added Net: Name=PA8
Added Pin To Net: NetName=PA9 Pin=JP6-6
Added Net: Name=PA9
Added Pin To Net: NetName=PA10 Pin=JP6-7
Added Net: Name=PA10
Added Pin To Net: NetName=PA11 Pin=JP6-8
Added Net: Name=PA11
Added Pin To Net: NetName=PA12 Pin=JP6-9
Added Net: Name=PA12
Added Pin To Net: NetName=PA15 Pin=JP6-10
Added Net: Name=PA15
Added Pin To Net: NetName=PB0 Pin=JP7-8
Added Net: Name=PB0
Added Pin To Net: NetName=PB1 Pin=JP7-7
Added Net: Name=PB1
Added Pin To Net: NetName=PB3 Pin=JP6-11
Added Net: Name=PB3
Added Pin To Net: NetName=PB4 Pin=JP6-12
Added Net: Name=PB4
Added Pin To Net: NetName=PB5 Pin=JP6-13
Added Net: Name=PB5
Added Pin To Net: NetName=PB6 Pin=JP6-14
Added Net: Name=PB6
Added Pin To Net: NetName=PB7 Pin=JP6-15
Added Net: Name=PB7
Added Pin To Net: NetName=PB8 Pin=JP6-16
Added Net: Name=PB8
Added Pin To Net: NetName=PB9 Pin=JP6-17
Added Net: Name=PB9
Added Pin To Net: NetName=PB10 Pin=JP7-6
Added Net: Name=PB10
Added Pin To Net: NetName=PB11 Pin=JP7-5
Added Net: Name=PB11
Added Pin To Net: NetName=PB12 Pin=JP6-1
Added Net: Name=PB12
Added Pin To Net: NetName=PB13 Pin=JP6-2
Added Net: Name=PB13
Added Pin To Net: NetName=PB14 Pin=JP6-3
Added Net: Name=PB14
Added Pin To Net: NetName=PB15 Pin=JP6-4
Added Net: Name=PB15
Added Pin To Net: NetName=PC13 Pin=JP7-19
Added Net: Name=PC13
Added Pin To Net: NetName=PC14 Pin=JP7-18
Added Net: Name=PC14
Added Pin To Net: NetName=PC15 Pin=JP7-17
Added Net: Name=PC15
Added Pin To Net: NetName=PWM_M1 Pin=U1-23
Added Net: Name=PWM_M1
Added Pin To Net: NetName=PWM_M2 Pin=U1-15
Added Net: Name=PWM_M2
Added Pin To Net: NetName=PWM_M3 Pin=U3-23
Added Net: Name=PWM_M3
Added Pin To Net: NetName=PWM_M4 Pin=U3-15
Added Net: Name=PWM_M4
Added Pin To Net: NetName=PWM_M5 Pin=U5-15
Added Pin To Net: NetName=PWM_M5 Pin=U5-23
Added Net: Name=PWM_M5
Added Pin To Net: NetName=RST Pin=JP7-4
Added Net: Name=RST
Added Pin To Net: NetName=VBAT Pin=JP7-20
Added Net: Name=VBAT
Added Pin To Net: NetName=VIN Pin=AMASS1-1
Added Pin To Net: NetName=VIN Pin=S1-1
Added Pin To Net: NetName=VIN Pin=S1-2
Added Net: Name=VIN
Added Class: Name=Sheet1
Added Room: Name=Sheet1
