Removed Member From Class: ClassName=Sheet1 Member=BOLT1
Removed Member From Class: ClassName=Sheet1 Member=BOLT2
Removed Member From Class: ClassName=Sheet1 Member=BOLT3
Removed Member From Class: ClassName=Sheet1 Member=BOLT4
Added Component: Designator=1(M3 125X200)
Add component. Clean all parameters for all variants
Add component (AddParameter): Name = "BOM名称"; Value = "铜柱孔"; VariantName = "[No Variations]"
Add component (AddParameter): Name = "学习资源"; Value = "www.ooocke.com"; VariantName = "[No Variations]"
Add component (AddParameter): Name = "版权归属"; Value = "源创客"; VariantName = "[No Variations]"
Added Component: Designator=2(M3 125X200)
Add component. Clean all parameters for all variants
Add component (AddParameter): Name = "BOM名称"; Value = "铜柱孔"; VariantName = "[No Variations]"
Add component (AddParameter): Name = "学习资源"; Value = "www.ooocke.com"; VariantName = "[No Variations]"
Add component (AddParameter): Name = "版权归属"; Value = "源创客"; VariantName = "[No Variations]"
Added Component: Designator=3(M3 125X200)
Add component. Clean all parameters for all variants
Add component (AddParameter): Name = "BOM名称"; Value = "铜柱孔"; VariantName = "[No Variations]"
Add component (AddParameter): Name = "学习资源"; Value = "www.ooocke.com"; VariantName = "[No Variations]"
Add component (AddParameter): Name = "版权归属"; Value = "源创客"; VariantName = "[No Variations]"
Added Component: Designator=4(M3 125X200)
Add component. Clean all parameters for all variants
Add component (AddParameter): Name = "BOM名称"; Value = "铜柱孔"; VariantName = "[No Variations]"
Add component (AddParameter): Name = "学习资源"; Value = "www.ooocke.com"; VariantName = "[No Variations]"
Add component (AddParameter): Name = "版权归属"; Value = "源创客"; VariantName = "[No Variations]"
Added Member To Class: ClassName=Sheet1 Member=Component 1 M3
Added Member To Class: ClassName=Sheet1 Member=Component 2 M3
Added Member To Class: ClassName=Sheet1 Member=Component 3 M3
Added Member To Class: ClassName=Sheet1 Member=Component 4 M3
Added Room: Name=Sheet1
